<?xml version="1.0" encoding="UTF-8"?>
<!-- Generated by org.testng.reporters.JUnitXMLReporter -->
<testsuite ignored="0" hostname="mindc1d388" failures="0" tests="3" name="Surefire test" time="61.973" errors="0" timestamp="2022-05-19T18:12:59 IST">
  <testcase classname="mindtree.compre.Test1" name="test1" time="28.845"/>
  <testcase classname="mindtree.compre.Test2" name="Test2" time="18.069"/>
  <testcase classname="mindtree.compre.Test3" name="test3" time="14.92"/>
</testsuite> <!-- Surefire test -->
