<?xml version="1.0" encoding="UTF-8"?>
<testng-results ignored="0" total="1" passed="1" failed="0" skipped="0">
  <reporter-output>
  </reporter-output>
  <suite started-at="2022-05-19T18:10:44 IST" name="Default suite" finished-at="2022-05-19T18:10:54 IST" duration-ms="9302">
    <groups>
    </groups>
    <test started-at="2022-05-19T18:10:44 IST" name="Default test" finished-at="2022-05-19T18:10:54 IST" duration-ms="9302">
      <class name="mindtree.compre.Test3">
        <test-method signature="test3()[pri:0, instance:mindtree.compre.Test3@59af0466]" started-at="2022-05-19T18:10:44 IST" name="test3" finished-at="2022-05-19T18:10:54 IST" duration-ms="9240" status="PASS">
          <reporter-output>
          </reporter-output>
        </test-method> <!-- test3 -->
      </class> <!-- mindtree.compre.Test3 -->
    </test> <!-- Default test -->
  </suite> <!-- Default suite -->
</testng-results>
