<?xml version="1.0" encoding="UTF-8"?>
<!-- Generated by org.testng.reporters.JUnitXMLReporter -->
<testsuite ignored="0" hostname="mindc1d388" failures="0" tests="3" name="Default test" time="40.061" errors="0" timestamp="2022-05-20T10:39:34 IST">
  <testcase classname="mindtree.compre.Test1" name="test1" time="16.4"/>
  <testcase classname="mindtree.compre.Test3" name="test3" time="8.664"/>
  <testcase classname="mindtree.compre.Test2" name="Test2" time="14.933"/>
</testsuite> <!-- Default test -->
